<?xml version="1.0" encoding="UTF-8"?>
<testsuite xmlns:xsi="http://www.w3.org/2001/XMLSchema-instance" xsi:noNamespaceSchemaLocation="https://maven.apache.org/surefire/maven-surefire-plugin/xsd/surefire-test-report.xsd" name="com.getway.ApiGetwayApplicationTests" time="4.38" tests="1" errors="0" skipped="0" failures="0">
  <properties>
    <property name="java.specification.version" value="17"/>
    <property name="sun.jnu.encoding" value="UTF-8"/>
    <property name="java.class.path" value="/home/Dhiraj.kolhe/Downloads/GloQuora/api-getway/target/test-classes:/home/Dhiraj.kolhe/Downloads/GloQuora/api-getway/target/classes:/home/Dhiraj.kolhe/.m2/repository/org/springframework/boot/spring-boot-starter-actuator/2.7.8/spring-boot-starter-actuator-2.7.8.jar:/home/Dhiraj.kolhe/.m2/repository/org/springframework/boot/spring-boot-starter/2.7.8/spring-boot-starter-2.7.8.jar:/home/Dhiraj.kolhe/.m2/repository/org/springframework/boot/spring-boot/2.7.8/spring-boot-2.7.8.jar:/home/Dhiraj.kolhe/.m2/repository/org/springframework/spring-context/5.3.25/spring-context-5.3.25.jar:/home/Dhiraj.kolhe/.m2/repository/org/springframework/spring-aop/5.3.25/spring-aop-5.3.25.jar:/home/Dhiraj.kolhe/.m2/repository/org/springframework/spring-expression/5.3.25/spring-expression-5.3.25.jar:/home/Dhiraj.kolhe/.m2/repository/org/springframework/boot/spring-boot-autoconfigure/2.7.8/spring-boot-autoconfigure-2.7.8.jar:/home/Dhiraj.kolhe/.m2/repository/org/springframework/boot/spring-boot-starter-logging/2.7.8/spring-boot-starter-logging-2.7.8.jar:/home/Dhiraj.kolhe/.m2/repository/ch/qos/logback/logback-classic/1.2.11/logback-classic-1.2.11.jar:/home/Dhiraj.kolhe/.m2/repository/ch/qos/logback/logback-core/1.2.11/logback-core-1.2.11.jar:/home/Dhiraj.kolhe/.m2/repository/org/apache/logging/log4j/log4j-to-slf4j/2.17.2/log4j-to-slf4j-2.17.2.jar:/home/Dhiraj.kolhe/.m2/repository/org/apache/logging/log4j/log4j-api/2.17.2/log4j-api-2.17.2.jar:/home/Dhiraj.kolhe/.m2/repository/org/slf4j/jul-to-slf4j/1.7.36/jul-to-slf4j-1.7.36.jar:/home/Dhiraj.kolhe/.m2/repository/jakarta/annotation/jakarta.annotation-api/1.3.5/jakarta.annotation-api-1.3.5.jar:/home/Dhiraj.kolhe/.m2/repository/org/yaml/snakeyaml/1.30/snakeyaml-1.30.jar:/home/Dhiraj.kolhe/.m2/repository/org/springframework/boot/spring-boot-actuator-autoconfigure/2.7.8/spring-boot-actuator-autoconfigure-2.7.8.jar:/home/Dhiraj.kolhe/.m2/repository/org/springframework/boot/spring-boot-actuator/2.7.8/spring-boot-actuator-2.7.8.jar:/home/Dhiraj.kolhe/.m2/repository/com/fasterxml/jackson/core/jackson-databind/2.13.4.2/jackson-databind-2.13.4.2.jar:/home/Dhiraj.kolhe/.m2/repository/com/fasterxml/jackson/datatype/jackson-datatype-jsr310/2.13.4/jackson-datatype-jsr310-2.13.4.jar:/home/Dhiraj.kolhe/.m2/repository/io/micrometer/micrometer-core/1.9.7/micrometer-core-1.9.7.jar:/home/Dhiraj.kolhe/.m2/repository/org/hdrhistogram/HdrHistogram/2.1.12/HdrHistogram-2.1.12.jar:/home/Dhiraj.kolhe/.m2/repository/org/latencyutils/LatencyUtils/2.0.3/LatencyUtils-2.0.3.jar:/home/Dhiraj.kolhe/.m2/repository/org/springframework/cloud/spring-cloud-starter-gateway/3.1.4/spring-cloud-starter-gateway-3.1.4.jar:/home/Dhiraj.kolhe/.m2/repository/org/springframework/cloud/spring-cloud-starter/3.1.5/spring-cloud-starter-3.1.5.jar:/home/Dhiraj.kolhe/.m2/repository/org/springframework/cloud/spring-cloud-context/3.1.5/spring-cloud-context-3.1.5.jar:/home/Dhiraj.kolhe/.m2/repository/org/springframework/security/spring-security-crypto/5.7.6/spring-security-crypto-5.7.6.jar:/home/Dhiraj.kolhe/.m2/repository/org/springframework/cloud/spring-cloud-commons/3.1.5/spring-cloud-commons-3.1.5.jar:/home/Dhiraj.kolhe/.m2/repository/org/springframework/security/spring-security-rsa/1.0.11.RELEASE/spring-security-rsa-1.0.11.RELEASE.jar:/home/Dhiraj.kolhe/.m2/repository/org/bouncycastle/bcpkix-jdk15on/1.69/bcpkix-jdk15on-1.69.jar:/home/Dhiraj.kolhe/.m2/repository/org/bouncycastle/bcprov-jdk15on/1.69/bcprov-jdk15on-1.69.jar:/home/Dhiraj.kolhe/.m2/repository/org/bouncycastle/bcutil-jdk15on/1.69/bcutil-jdk15on-1.69.jar:/home/Dhiraj.kolhe/.m2/repository/org/springframework/cloud/spring-cloud-gateway-server/3.1.4/spring-cloud-gateway-server-3.1.4.jar:/home/Dhiraj.kolhe/.m2/repository/org/springframework/boot/spring-boot-starter-validation/2.7.8/spring-boot-starter-validation-2.7.8.jar:/home/Dhiraj.kolhe/.m2/repository/org/apache/tomcat/embed/tomcat-embed-el/9.0.71/tomcat-embed-el-9.0.71.jar:/home/Dhiraj.kolhe/.m2/repository/org/hibernate/validator/hibernate-validator/6.2.5.Final/hibernate-validator-6.2.5.Final.jar:/home/Dhiraj.kolhe/.m2/repository/jakarta/validation/jakarta.validation-api/2.0.2/jakarta.validation-api-2.0.2.jar:/home/Dhiraj.kolhe/.m2/repository/org/jboss/logging/jboss-logging/3.4.3.Final/jboss-logging-3.4.3.Final.jar:/home/Dhiraj.kolhe/.m2/repository/com/fasterxml/classmate/1.5.1/classmate-1.5.1.jar:/home/Dhiraj.kolhe/.m2/repository/io/projectreactor/addons/reactor-extra/3.4.9/reactor-extra-3.4.9.jar:/home/Dhiraj.kolhe/.m2/repository/io/projectreactor/reactor-core/3.4.26/reactor-core-3.4.26.jar:/home/Dhiraj.kolhe/.m2/repository/org/reactivestreams/reactive-streams/1.0.4/reactive-streams-1.0.4.jar:/home/Dhiraj.kolhe/.m2/repository/org/springframework/boot/spring-boot-starter-webflux/2.7.8/spring-boot-starter-webflux-2.7.8.jar:/home/Dhiraj.kolhe/.m2/repository/org/springframework/boot/spring-boot-starter-json/2.7.8/spring-boot-starter-json-2.7.8.jar:/home/Dhiraj.kolhe/.m2/repository/com/fasterxml/jackson/datatype/jackson-datatype-jdk8/2.13.4/jackson-datatype-jdk8-2.13.4.jar:/home/Dhiraj.kolhe/.m2/repository/com/fasterxml/jackson/module/jackson-module-parameter-names/2.13.4/jackson-module-parameter-names-2.13.4.jar:/home/Dhiraj.kolhe/.m2/repository/org/springframework/boot/spring-boot-starter-reactor-netty/2.7.8/spring-boot-starter-reactor-netty-2.7.8.jar:/home/Dhiraj.kolhe/.m2/repository/io/projectreactor/netty/reactor-netty-http/1.0.27/reactor-netty-http-1.0.27.jar:/home/Dhiraj.kolhe/.m2/repository/io/netty/netty-codec-http/4.1.87.Final/netty-codec-http-4.1.87.Final.jar:/home/Dhiraj.kolhe/.m2/repository/io/netty/netty-common/4.1.87.Final/netty-common-4.1.87.Final.jar:/home/Dhiraj.kolhe/.m2/repository/io/netty/netty-buffer/4.1.87.Final/netty-buffer-4.1.87.Final.jar:/home/Dhiraj.kolhe/.m2/repository/io/netty/netty-transport/4.1.87.Final/netty-transport-4.1.87.Final.jar:/home/Dhiraj.kolhe/.m2/repository/io/netty/netty-codec/4.1.87.Final/netty-codec-4.1.87.Final.jar:/home/Dhiraj.kolhe/.m2/repository/io/netty/netty-handler/4.1.87.Final/netty-handler-4.1.87.Final.jar:/home/Dhiraj.kolhe/.m2/repository/io/netty/netty-codec-http2/4.1.87.Final/netty-codec-http2-4.1.87.Final.jar:/home/Dhiraj.kolhe/.m2/repository/io/netty/netty-resolver-dns/4.1.87.Final/netty-resolver-dns-4.1.87.Final.jar:/home/Dhiraj.kolhe/.m2/repository/io/netty/netty-resolver/4.1.87.Final/netty-resolver-4.1.87.Final.jar:/home/Dhiraj.kolhe/.m2/repository/io/netty/netty-codec-dns/4.1.87.Final/netty-codec-dns-4.1.87.Final.jar:/home/Dhiraj.kolhe/.m2/repository/io/netty/netty-resolver-dns-native-macos/4.1.87.Final/netty-resolver-dns-native-macos-4.1.87.Final-osx-x86_64.jar:/home/Dhiraj.kolhe/.m2/repository/io/netty/netty-resolver-dns-classes-macos/4.1.87.Final/netty-resolver-dns-classes-macos-4.1.87.Final.jar:/home/Dhiraj.kolhe/.m2/repository/io/netty/netty-transport-native-epoll/4.1.87.Final/netty-transport-native-epoll-4.1.87.Final-linux-x86_64.jar:/home/Dhiraj.kolhe/.m2/repository/io/netty/netty-transport-native-unix-common/4.1.87.Final/netty-transport-native-unix-common-4.1.87.Final.jar:/home/Dhiraj.kolhe/.m2/repository/io/netty/netty-transport-classes-epoll/4.1.87.Final/netty-transport-classes-epoll-4.1.87.Final.jar:/home/Dhiraj.kolhe/.m2/repository/io/projectreactor/netty/reactor-netty-core/1.0.27/reactor-netty-core-1.0.27.jar:/home/Dhiraj.kolhe/.m2/repository/io/netty/netty-handler-proxy/4.1.87.Final/netty-handler-proxy-4.1.87.Final.jar:/home/Dhiraj.kolhe/.m2/repository/io/netty/netty-codec-socks/4.1.87.Final/netty-codec-socks-4.1.87.Final.jar:/home/Dhiraj.kolhe/.m2/repository/org/springframework/spring-web/5.3.25/spring-web-5.3.25.jar:/home/Dhiraj.kolhe/.m2/repository/org/springframework/spring-beans/5.3.25/spring-beans-5.3.25.jar:/home/Dhiraj.kolhe/.m2/repository/org/springframework/spring-webflux/5.3.25/spring-webflux-5.3.25.jar:/home/Dhiraj.kolhe/.m2/repository/org/springframework/cloud/spring-cloud-starter-netflix-eureka-client/3.1.4/spring-cloud-starter-netflix-eureka-client-3.1.4.jar:/home/Dhiraj.kolhe/.m2/repository/org/springframework/cloud/spring-cloud-netflix-eureka-client/3.1.4/spring-cloud-netflix-eureka-client-3.1.4.jar:/home/Dhiraj.kolhe/.m2/repository/com/netflix/eureka/eureka-client/1.10.17/eureka-client-1.10.17.jar:/home/Dhiraj.kolhe/.m2/repository/com/netflix/netflix-commons/netflix-eventbus/0.3.0/netflix-eventbus-0.3.0.jar:/home/Dhiraj.kolhe/.m2/repository/com/netflix/netflix-commons/netflix-infix/0.3.0/netflix-infix-0.3.0.jar:/home/Dhiraj.kolhe/.m2/repository/commons-jxpath/commons-jxpath/1.3/commons-jxpath-1.3.jar:/home/Dhiraj.kolhe/.m2/repository/joda-time/joda-time/2.3/joda-time-2.3.jar:/home/Dhiraj.kolhe/.m2/repository/org/antlr/antlr-runtime/3.4/antlr-runtime-3.4.jar:/home/Dhiraj.kolhe/.m2/repository/org/antlr/stringtemplate/3.2.1/stringtemplate-3.2.1.jar:/home/Dhiraj.kolhe/.m2/repository/antlr/antlr/2.7.7/antlr-2.7.7.jar:/home/Dhiraj.kolhe/.m2/repository/com/google/code/gson/gson/2.9.1/gson-2.9.1.jar:/home/Dhiraj.kolhe/.m2/repository/org/apache/commons/commons-math/2.2/commons-math-2.2.jar:/home/Dhiraj.kolhe/.m2/repository/com/thoughtworks/xstream/xstream/1.4.18/xstream-1.4.18.jar:/home/Dhiraj.kolhe/.m2/repository/io/github/x-stream/mxparser/1.2.2/mxparser-1.2.2.jar:/home/Dhiraj.kolhe/.m2/repository/xmlpull/xmlpull/1.1.3.1/xmlpull-1.1.3.1.jar:/home/Dhiraj.kolhe/.m2/repository/javax/ws/rs/jsr311-api/1.1.1/jsr311-api-1.1.1.jar:/home/Dhiraj.kolhe/.m2/repository/com/netflix/servo/servo-core/0.12.21/servo-core-0.12.21.jar:/home/Dhiraj.kolhe/.m2/repository/com/google/guava/guava/19.0/guava-19.0.jar:/home/Dhiraj.kolhe/.m2/repository/org/apache/httpcomponents/httpclient/4.5.14/httpclient-4.5.14.jar:/home/Dhiraj.kolhe/.m2/repository/org/apache/httpcomponents/httpcore/4.4.16/httpcore-4.4.16.jar:/home/Dhiraj.kolhe/.m2/repository/commons-codec/commons-codec/1.15/commons-codec-1.15.jar:/home/Dhiraj.kolhe/.m2/repository/commons-configuration/commons-configuration/1.10/commons-configuration-1.10.jar:/home/Dhiraj.kolhe/.m2/repository/commons-lang/commons-lang/2.6/commons-lang-2.6.jar:/home/Dhiraj.kolhe/.m2/repository/com/google/inject/guice/4.1.0/guice-4.1.0.jar:/home/Dhiraj.kolhe/.m2/repository/javax/inject/javax.inject/1/javax.inject-1.jar:/home/Dhiraj.kolhe/.m2/repository/com/fasterxml/jackson/core/jackson-annotations/2.13.4/jackson-annotations-2.13.4.jar:/home/Dhiraj.kolhe/.m2/repository/com/fasterxml/jackson/core/jackson-core/2.13.4/jackson-core-2.13.4.jar:/home/Dhiraj.kolhe/.m2/repository/org/codehaus/jettison/jettison/1.4.0/jettison-1.4.0.jar:/home/Dhiraj.kolhe/.m2/repository/com/netflix/eureka/eureka-core/1.10.17/eureka-core-1.10.17.jar:/home/Dhiraj.kolhe/.m2/repository/com/fasterxml/woodstox/woodstox-core/6.2.1/woodstox-core-6.2.1.jar:/home/Dhiraj.kolhe/.m2/repository/org/codehaus/woodstox/stax2-api/4.2.1/stax2-api-4.2.1.jar:/home/Dhiraj.kolhe/.m2/repository/org/springframework/cloud/spring-cloud-starter-loadbalancer/3.1.5/spring-cloud-starter-loadbalancer-3.1.5.jar:/home/Dhiraj.kolhe/.m2/repository/org/springframework/cloud/spring-cloud-loadbalancer/3.1.5/spring-cloud-loadbalancer-3.1.5.jar:/home/Dhiraj.kolhe/.m2/repository/org/springframework/boot/spring-boot-starter-cache/2.7.8/spring-boot-starter-cache-2.7.8.jar:/home/Dhiraj.kolhe/.m2/repository/org/springframework/spring-context-support/5.3.25/spring-context-support-5.3.25.jar:/home/Dhiraj.kolhe/.m2/repository/com/stoyanr/evictor/1.0.0/evictor-1.0.0.jar:/home/Dhiraj.kolhe/.m2/repository/org/springframework/boot/spring-boot-starter-test/2.7.8/spring-boot-starter-test-2.7.8.jar:/home/Dhiraj.kolhe/.m2/repository/org/springframework/boot/spring-boot-test/2.7.8/spring-boot-test-2.7.8.jar:/home/Dhiraj.kolhe/.m2/repository/org/springframework/boot/spring-boot-test-autoconfigure/2.7.8/spring-boot-test-autoconfigure-2.7.8.jar:/home/Dhiraj.kolhe/.m2/repository/com/jayway/jsonpath/json-path/2.7.0/json-path-2.7.0.jar:/home/Dhiraj.kolhe/.m2/repository/net/minidev/json-smart/2.4.8/json-smart-2.4.8.jar:/home/Dhiraj.kolhe/.m2/repository/net/minidev/accessors-smart/2.4.8/accessors-smart-2.4.8.jar:/home/Dhiraj.kolhe/.m2/repository/org/ow2/asm/asm/9.1/asm-9.1.jar:/home/Dhiraj.kolhe/.m2/repository/org/slf4j/slf4j-api/1.7.36/slf4j-api-1.7.36.jar:/home/Dhiraj.kolhe/.m2/repository/jakarta/xml/bind/jakarta.xml.bind-api/2.3.3/jakarta.xml.bind-api-2.3.3.jar:/home/Dhiraj.kolhe/.m2/repository/jakarta/activation/jakarta.activation-api/1.2.2/jakarta.activation-api-1.2.2.jar:/home/Dhiraj.kolhe/.m2/repository/org/assertj/assertj-core/3.22.0/assertj-core-3.22.0.jar:/home/Dhiraj.kolhe/.m2/repository/org/hamcrest/hamcrest/2.2/hamcrest-2.2.jar:/home/Dhiraj.kolhe/.m2/repository/org/junit/jupiter/junit-jupiter/5.8.2/junit-jupiter-5.8.2.jar:/home/Dhiraj.kolhe/.m2/repository/org/junit/jupiter/junit-jupiter-api/5.8.2/junit-jupiter-api-5.8.2.jar:/home/Dhiraj.kolhe/.m2/repository/org/opentest4j/opentest4j/1.2.0/opentest4j-1.2.0.jar:/home/Dhiraj.kolhe/.m2/repository/org/junit/platform/junit-platform-commons/1.8.2/junit-platform-commons-1.8.2.jar:/home/Dhiraj.kolhe/.m2/repository/org/apiguardian/apiguardian-api/1.1.2/apiguardian-api-1.1.2.jar:/home/Dhiraj.kolhe/.m2/repository/org/junit/jupiter/junit-jupiter-params/5.8.2/junit-jupiter-params-5.8.2.jar:/home/Dhiraj.kolhe/.m2/repository/org/junit/jupiter/junit-jupiter-engine/5.8.2/junit-jupiter-engine-5.8.2.jar:/home/Dhiraj.kolhe/.m2/repository/org/junit/platform/junit-platform-engine/1.8.2/junit-platform-engine-1.8.2.jar:/home/Dhiraj.kolhe/.m2/repository/org/mockito/mockito-core/4.5.1/mockito-core-4.5.1.jar:/home/Dhiraj.kolhe/.m2/repository/net/bytebuddy/byte-buddy/1.12.22/byte-buddy-1.12.22.jar:/home/Dhiraj.kolhe/.m2/repository/net/bytebuddy/byte-buddy-agent/1.12.22/byte-buddy-agent-1.12.22.jar:/home/Dhiraj.kolhe/.m2/repository/org/objenesis/objenesis/3.2/objenesis-3.2.jar:/home/Dhiraj.kolhe/.m2/repository/org/mockito/mockito-junit-jupiter/4.5.1/mockito-junit-jupiter-4.5.1.jar:/home/Dhiraj.kolhe/.m2/repository/org/skyscreamer/jsonassert/1.5.1/jsonassert-1.5.1.jar:/home/Dhiraj.kolhe/.m2/repository/com/vaadin/external/google/android-json/0.0.20131108.vaadin1/android-json-0.0.20131108.vaadin1.jar:/home/Dhiraj.kolhe/.m2/repository/org/springframework/spring-core/5.3.25/spring-core-5.3.25.jar:/home/Dhiraj.kolhe/.m2/repository/org/springframework/spring-jcl/5.3.25/spring-jcl-5.3.25.jar:/home/Dhiraj.kolhe/.m2/repository/org/springframework/spring-test/5.3.25/spring-test-5.3.25.jar:/home/Dhiraj.kolhe/.m2/repository/org/xmlunit/xmlunit-core/2.9.1/xmlunit-core-2.9.1.jar:"/>
    <property name="java.vm.vendor" value="Amazon.com Inc."/>
    <property name="sun.arch.data.model" value="64"/>
    <property name="java.vendor.url" value="https://aws.amazon.com/corretto/"/>
    <property name="os.name" value="Linux"/>
    <property name="java.vm.specification.version" value="17"/>
    <property name="sun.java.launcher" value="SUN_STANDARD"/>
    <property name="user.country" value="US"/>
    <property name="sun.boot.library.path" value="/home/Dhiraj.kolhe/.jdks/corretto-17.0.6/lib"/>
    <property name="sun.java.command" value="/home/Dhiraj.kolhe/Downloads/GloQuora/api-getway/target/surefire/surefirebooter8265407004459896786.jar /home/Dhiraj.kolhe/Downloads/GloQuora/api-getway/target/surefire 2023-01-21T15-46-29_273-jvmRun1 surefire3559419331157833929tmp surefire_07670614111892967185tmp"/>
    <property name="jdk.debug" value="release"/>
    <property name="surefire.test.class.path" value="/home/Dhiraj.kolhe/Downloads/GloQuora/api-getway/target/test-classes:/home/Dhiraj.kolhe/Downloads/GloQuora/api-getway/target/classes:/home/Dhiraj.kolhe/.m2/repository/org/springframework/boot/spring-boot-starter-actuator/2.7.8/spring-boot-starter-actuator-2.7.8.jar:/home/Dhiraj.kolhe/.m2/repository/org/springframework/boot/spring-boot-starter/2.7.8/spring-boot-starter-2.7.8.jar:/home/Dhiraj.kolhe/.m2/repository/org/springframework/boot/spring-boot/2.7.8/spring-boot-2.7.8.jar:/home/Dhiraj.kolhe/.m2/repository/org/springframework/spring-context/5.3.25/spring-context-5.3.25.jar:/home/Dhiraj.kolhe/.m2/repository/org/springframework/spring-aop/5.3.25/spring-aop-5.3.25.jar:/home/Dhiraj.kolhe/.m2/repository/org/springframework/spring-expression/5.3.25/spring-expression-5.3.25.jar:/home/Dhiraj.kolhe/.m2/repository/org/springframework/boot/spring-boot-autoconfigure/2.7.8/spring-boot-autoconfigure-2.7.8.jar:/home/Dhiraj.kolhe/.m2/repository/org/springframework/boot/spring-boot-starter-logging/2.7.8/spring-boot-starter-logging-2.7.8.jar:/home/Dhiraj.kolhe/.m2/repository/ch/qos/logback/logback-classic/1.2.11/logback-classic-1.2.11.jar:/home/Dhiraj.kolhe/.m2/repository/ch/qos/logback/logback-core/1.2.11/logback-core-1.2.11.jar:/home/Dhiraj.kolhe/.m2/repository/org/apache/logging/log4j/log4j-to-slf4j/2.17.2/log4j-to-slf4j-2.17.2.jar:/home/Dhiraj.kolhe/.m2/repository/org/apache/logging/log4j/log4j-api/2.17.2/log4j-api-2.17.2.jar:/home/Dhiraj.kolhe/.m2/repository/org/slf4j/jul-to-slf4j/1.7.36/jul-to-slf4j-1.7.36.jar:/home/Dhiraj.kolhe/.m2/repository/jakarta/annotation/jakarta.annotation-api/1.3.5/jakarta.annotation-api-1.3.5.jar:/home/Dhiraj.kolhe/.m2/repository/org/yaml/snakeyaml/1.30/snakeyaml-1.30.jar:/home/Dhiraj.kolhe/.m2/repository/org/springframework/boot/spring-boot-actuator-autoconfigure/2.7.8/spring-boot-actuator-autoconfigure-2.7.8.jar:/home/Dhiraj.kolhe/.m2/repository/org/springframework/boot/spring-boot-actuator/2.7.8/spring-boot-actuator-2.7.8.jar:/home/Dhiraj.kolhe/.m2/repository/com/fasterxml/jackson/core/jackson-databind/2.13.4.2/jackson-databind-2.13.4.2.jar:/home/Dhiraj.kolhe/.m2/repository/com/fasterxml/jackson/datatype/jackson-datatype-jsr310/2.13.4/jackson-datatype-jsr310-2.13.4.jar:/home/Dhiraj.kolhe/.m2/repository/io/micrometer/micrometer-core/1.9.7/micrometer-core-1.9.7.jar:/home/Dhiraj.kolhe/.m2/repository/org/hdrhistogram/HdrHistogram/2.1.12/HdrHistogram-2.1.12.jar:/home/Dhiraj.kolhe/.m2/repository/org/latencyutils/LatencyUtils/2.0.3/LatencyUtils-2.0.3.jar:/home/Dhiraj.kolhe/.m2/repository/org/springframework/cloud/spring-cloud-starter-gateway/3.1.4/spring-cloud-starter-gateway-3.1.4.jar:/home/Dhiraj.kolhe/.m2/repository/org/springframework/cloud/spring-cloud-starter/3.1.5/spring-cloud-starter-3.1.5.jar:/home/Dhiraj.kolhe/.m2/repository/org/springframework/cloud/spring-cloud-context/3.1.5/spring-cloud-context-3.1.5.jar:/home/Dhiraj.kolhe/.m2/repository/org/springframework/security/spring-security-crypto/5.7.6/spring-security-crypto-5.7.6.jar:/home/Dhiraj.kolhe/.m2/repository/org/springframework/cloud/spring-cloud-commons/3.1.5/spring-cloud-commons-3.1.5.jar:/home/Dhiraj.kolhe/.m2/repository/org/springframework/security/spring-security-rsa/1.0.11.RELEASE/spring-security-rsa-1.0.11.RELEASE.jar:/home/Dhiraj.kolhe/.m2/repository/org/bouncycastle/bcpkix-jdk15on/1.69/bcpkix-jdk15on-1.69.jar:/home/Dhiraj.kolhe/.m2/repository/org/bouncycastle/bcprov-jdk15on/1.69/bcprov-jdk15on-1.69.jar:/home/Dhiraj.kolhe/.m2/repository/org/bouncycastle/bcutil-jdk15on/1.69/bcutil-jdk15on-1.69.jar:/home/Dhiraj.kolhe/.m2/repository/org/springframework/cloud/spring-cloud-gateway-server/3.1.4/spring-cloud-gateway-server-3.1.4.jar:/home/Dhiraj.kolhe/.m2/repository/org/springframework/boot/spring-boot-starter-validation/2.7.8/spring-boot-starter-validation-2.7.8.jar:/home/Dhiraj.kolhe/.m2/repository/org/apache/tomcat/embed/tomcat-embed-el/9.0.71/tomcat-embed-el-9.0.71.jar:/home/Dhiraj.kolhe/.m2/repository/org/hibernate/validator/hibernate-validator/6.2.5.Final/hibernate-validator-6.2.5.Final.jar:/home/Dhiraj.kolhe/.m2/repository/jakarta/validation/jakarta.validation-api/2.0.2/jakarta.validation-api-2.0.2.jar:/home/Dhiraj.kolhe/.m2/repository/org/jboss/logging/jboss-logging/3.4.3.Final/jboss-logging-3.4.3.Final.jar:/home/Dhiraj.kolhe/.m2/repository/com/fasterxml/classmate/1.5.1/classmate-1.5.1.jar:/home/Dhiraj.kolhe/.m2/repository/io/projectreactor/addons/reactor-extra/3.4.9/reactor-extra-3.4.9.jar:/home/Dhiraj.kolhe/.m2/repository/io/projectreactor/reactor-core/3.4.26/reactor-core-3.4.26.jar:/home/Dhiraj.kolhe/.m2/repository/org/reactivestreams/reactive-streams/1.0.4/reactive-streams-1.0.4.jar:/home/Dhiraj.kolhe/.m2/repository/org/springframework/boot/spring-boot-starter-webflux/2.7.8/spring-boot-starter-webflux-2.7.8.jar:/home/Dhiraj.kolhe/.m2/repository/org/springframework/boot/spring-boot-starter-json/2.7.8/spring-boot-starter-json-2.7.8.jar:/home/Dhiraj.kolhe/.m2/repository/com/fasterxml/jackson/datatype/jackson-datatype-jdk8/2.13.4/jackson-datatype-jdk8-2.13.4.jar:/home/Dhiraj.kolhe/.m2/repository/com/fasterxml/jackson/module/jackson-module-parameter-names/2.13.4/jackson-module-parameter-names-2.13.4.jar:/home/Dhiraj.kolhe/.m2/repository/org/springframework/boot/spring-boot-starter-reactor-netty/2.7.8/spring-boot-starter-reactor-netty-2.7.8.jar:/home/Dhiraj.kolhe/.m2/repository/io/projectreactor/netty/reactor-netty-http/1.0.27/reactor-netty-http-1.0.27.jar:/home/Dhiraj.kolhe/.m2/repository/io/netty/netty-codec-http/4.1.87.Final/netty-codec-http-4.1.87.Final.jar:/home/Dhiraj.kolhe/.m2/repository/io/netty/netty-common/4.1.87.Final/netty-common-4.1.87.Final.jar:/home/Dhiraj.kolhe/.m2/repository/io/netty/netty-buffer/4.1.87.Final/netty-buffer-4.1.87.Final.jar:/home/Dhiraj.kolhe/.m2/repository/io/netty/netty-transport/4.1.87.Final/netty-transport-4.1.87.Final.jar:/home/Dhiraj.kolhe/.m2/repository/io/netty/netty-codec/4.1.87.Final/netty-codec-4.1.87.Final.jar:/home/Dhiraj.kolhe/.m2/repository/io/netty/netty-handler/4.1.87.Final/netty-handler-4.1.87.Final.jar:/home/Dhiraj.kolhe/.m2/repository/io/netty/netty-codec-http2/4.1.87.Final/netty-codec-http2-4.1.87.Final.jar:/home/Dhiraj.kolhe/.m2/repository/io/netty/netty-resolver-dns/4.1.87.Final/netty-resolver-dns-4.1.87.Final.jar:/home/Dhiraj.kolhe/.m2/repository/io/netty/netty-resolver/4.1.87.Final/netty-resolver-4.1.87.Final.jar:/home/Dhiraj.kolhe/.m2/repository/io/netty/netty-codec-dns/4.1.87.Final/netty-codec-dns-4.1.87.Final.jar:/home/Dhiraj.kolhe/.m2/repository/io/netty/netty-resolver-dns-native-macos/4.1.87.Final/netty-resolver-dns-native-macos-4.1.87.Final-osx-x86_64.jar:/home/Dhiraj.kolhe/.m2/repository/io/netty/netty-resolver-dns-classes-macos/4.1.87.Final/netty-resolver-dns-classes-macos-4.1.87.Final.jar:/home/Dhiraj.kolhe/.m2/repository/io/netty/netty-transport-native-epoll/4.1.87.Final/netty-transport-native-epoll-4.1.87.Final-linux-x86_64.jar:/home/Dhiraj.kolhe/.m2/repository/io/netty/netty-transport-native-unix-common/4.1.87.Final/netty-transport-native-unix-common-4.1.87.Final.jar:/home/Dhiraj.kolhe/.m2/repository/io/netty/netty-transport-classes-epoll/4.1.87.Final/netty-transport-classes-epoll-4.1.87.Final.jar:/home/Dhiraj.kolhe/.m2/repository/io/projectreactor/netty/reactor-netty-core/1.0.27/reactor-netty-core-1.0.27.jar:/home/Dhiraj.kolhe/.m2/repository/io/netty/netty-handler-proxy/4.1.87.Final/netty-handler-proxy-4.1.87.Final.jar:/home/Dhiraj.kolhe/.m2/repository/io/netty/netty-codec-socks/4.1.87.Final/netty-codec-socks-4.1.87.Final.jar:/home/Dhiraj.kolhe/.m2/repository/org/springframework/spring-web/5.3.25/spring-web-5.3.25.jar:/home/Dhiraj.kolhe/.m2/repository/org/springframework/spring-beans/5.3.25/spring-beans-5.3.25.jar:/home/Dhiraj.kolhe/.m2/repository/org/springframework/spring-webflux/5.3.25/spring-webflux-5.3.25.jar:/home/Dhiraj.kolhe/.m2/repository/org/springframework/cloud/spring-cloud-starter-netflix-eureka-client/3.1.4/spring-cloud-starter-netflix-eureka-client-3.1.4.jar:/home/Dhiraj.kolhe/.m2/repository/org/springframework/cloud/spring-cloud-netflix-eureka-client/3.1.4/spring-cloud-netflix-eureka-client-3.1.4.jar:/home/Dhiraj.kolhe/.m2/repository/com/netflix/eureka/eureka-client/1.10.17/eureka-client-1.10.17.jar:/home/Dhiraj.kolhe/.m2/repository/com/netflix/netflix-commons/netflix-eventbus/0.3.0/netflix-eventbus-0.3.0.jar:/home/Dhiraj.kolhe/.m2/repository/com/netflix/netflix-commons/netflix-infix/0.3.0/netflix-infix-0.3.0.jar:/home/Dhiraj.kolhe/.m2/repository/commons-jxpath/commons-jxpath/1.3/commons-jxpath-1.3.jar:/home/Dhiraj.kolhe/.m2/repository/joda-time/joda-time/2.3/joda-time-2.3.jar:/home/Dhiraj.kolhe/.m2/repository/org/antlr/antlr-runtime/3.4/antlr-runtime-3.4.jar:/home/Dhiraj.kolhe/.m2/repository/org/antlr/stringtemplate/3.2.1/stringtemplate-3.2.1.jar:/home/Dhiraj.kolhe/.m2/repository/antlr/antlr/2.7.7/antlr-2.7.7.jar:/home/Dhiraj.kolhe/.m2/repository/com/google/code/gson/gson/2.9.1/gson-2.9.1.jar:/home/Dhiraj.kolhe/.m2/repository/org/apache/commons/commons-math/2.2/commons-math-2.2.jar:/home/Dhiraj.kolhe/.m2/repository/com/thoughtworks/xstream/xstream/1.4.18/xstream-1.4.18.jar:/home/Dhiraj.kolhe/.m2/repository/io/github/x-stream/mxparser/1.2.2/mxparser-1.2.2.jar:/home/Dhiraj.kolhe/.m2/repository/xmlpull/xmlpull/1.1.3.1/xmlpull-1.1.3.1.jar:/home/Dhiraj.kolhe/.m2/repository/javax/ws/rs/jsr311-api/1.1.1/jsr311-api-1.1.1.jar:/home/Dhiraj.kolhe/.m2/repository/com/netflix/servo/servo-core/0.12.21/servo-core-0.12.21.jar:/home/Dhiraj.kolhe/.m2/repository/com/google/guava/guava/19.0/guava-19.0.jar:/home/Dhiraj.kolhe/.m2/repository/org/apache/httpcomponents/httpclient/4.5.14/httpclient-4.5.14.jar:/home/Dhiraj.kolhe/.m2/repository/org/apache/httpcomponents/httpcore/4.4.16/httpcore-4.4.16.jar:/home/Dhiraj.kolhe/.m2/repository/commons-codec/commons-codec/1.15/commons-codec-1.15.jar:/home/Dhiraj.kolhe/.m2/repository/commons-configuration/commons-configuration/1.10/commons-configuration-1.10.jar:/home/Dhiraj.kolhe/.m2/repository/commons-lang/commons-lang/2.6/commons-lang-2.6.jar:/home/Dhiraj.kolhe/.m2/repository/com/google/inject/guice/4.1.0/guice-4.1.0.jar:/home/Dhiraj.kolhe/.m2/repository/javax/inject/javax.inject/1/javax.inject-1.jar:/home/Dhiraj.kolhe/.m2/repository/com/fasterxml/jackson/core/jackson-annotations/2.13.4/jackson-annotations-2.13.4.jar:/home/Dhiraj.kolhe/.m2/repository/com/fasterxml/jackson/core/jackson-core/2.13.4/jackson-core-2.13.4.jar:/home/Dhiraj.kolhe/.m2/repository/org/codehaus/jettison/jettison/1.4.0/jettison-1.4.0.jar:/home/Dhiraj.kolhe/.m2/repository/com/netflix/eureka/eureka-core/1.10.17/eureka-core-1.10.17.jar:/home/Dhiraj.kolhe/.m2/repository/com/fasterxml/woodstox/woodstox-core/6.2.1/woodstox-core-6.2.1.jar:/home/Dhiraj.kolhe/.m2/repository/org/codehaus/woodstox/stax2-api/4.2.1/stax2-api-4.2.1.jar:/home/Dhiraj.kolhe/.m2/repository/org/springframework/cloud/spring-cloud-starter-loadbalancer/3.1.5/spring-cloud-starter-loadbalancer-3.1.5.jar:/home/Dhiraj.kolhe/.m2/repository/org/springframework/cloud/spring-cloud-loadbalancer/3.1.5/spring-cloud-loadbalancer-3.1.5.jar:/home/Dhiraj.kolhe/.m2/repository/org/springframework/boot/spring-boot-starter-cache/2.7.8/spring-boot-starter-cache-2.7.8.jar:/home/Dhiraj.kolhe/.m2/repository/org/springframework/spring-context-support/5.3.25/spring-context-support-5.3.25.jar:/home/Dhiraj.kolhe/.m2/repository/com/stoyanr/evictor/1.0.0/evictor-1.0.0.jar:/home/Dhiraj.kolhe/.m2/repository/org/springframework/boot/spring-boot-starter-test/2.7.8/spring-boot-starter-test-2.7.8.jar:/home/Dhiraj.kolhe/.m2/repository/org/springframework/boot/spring-boot-test/2.7.8/spring-boot-test-2.7.8.jar:/home/Dhiraj.kolhe/.m2/repository/org/springframework/boot/spring-boot-test-autoconfigure/2.7.8/spring-boot-test-autoconfigure-2.7.8.jar:/home/Dhiraj.kolhe/.m2/repository/com/jayway/jsonpath/json-path/2.7.0/json-path-2.7.0.jar:/home/Dhiraj.kolhe/.m2/repository/net/minidev/json-smart/2.4.8/json-smart-2.4.8.jar:/home/Dhiraj.kolhe/.m2/repository/net/minidev/accessors-smart/2.4.8/accessors-smart-2.4.8.jar:/home/Dhiraj.kolhe/.m2/repository/org/ow2/asm/asm/9.1/asm-9.1.jar:/home/Dhiraj.kolhe/.m2/repository/org/slf4j/slf4j-api/1.7.36/slf4j-api-1.7.36.jar:/home/Dhiraj.kolhe/.m2/repository/jakarta/xml/bind/jakarta.xml.bind-api/2.3.3/jakarta.xml.bind-api-2.3.3.jar:/home/Dhiraj.kolhe/.m2/repository/jakarta/activation/jakarta.activation-api/1.2.2/jakarta.activation-api-1.2.2.jar:/home/Dhiraj.kolhe/.m2/repository/org/assertj/assertj-core/3.22.0/assertj-core-3.22.0.jar:/home/Dhiraj.kolhe/.m2/repository/org/hamcrest/hamcrest/2.2/hamcrest-2.2.jar:/home/Dhiraj.kolhe/.m2/repository/org/junit/jupiter/junit-jupiter/5.8.2/junit-jupiter-5.8.2.jar:/home/Dhiraj.kolhe/.m2/repository/org/junit/jupiter/junit-jupiter-api/5.8.2/junit-jupiter-api-5.8.2.jar:/home/Dhiraj.kolhe/.m2/repository/org/opentest4j/opentest4j/1.2.0/opentest4j-1.2.0.jar:/home/Dhiraj.kolhe/.m2/repository/org/junit/platform/junit-platform-commons/1.8.2/junit-platform-commons-1.8.2.jar:/home/Dhiraj.kolhe/.m2/repository/org/apiguardian/apiguardian-api/1.1.2/apiguardian-api-1.1.2.jar:/home/Dhiraj.kolhe/.m2/repository/org/junit/jupiter/junit-jupiter-params/5.8.2/junit-jupiter-params-5.8.2.jar:/home/Dhiraj.kolhe/.m2/repository/org/junit/jupiter/junit-jupiter-engine/5.8.2/junit-jupiter-engine-5.8.2.jar:/home/Dhiraj.kolhe/.m2/repository/org/junit/platform/junit-platform-engine/1.8.2/junit-platform-engine-1.8.2.jar:/home/Dhiraj.kolhe/.m2/repository/org/mockito/mockito-core/4.5.1/mockito-core-4.5.1.jar:/home/Dhiraj.kolhe/.m2/repository/net/bytebuddy/byte-buddy/1.12.22/byte-buddy-1.12.22.jar:/home/Dhiraj.kolhe/.m2/repository/net/bytebuddy/byte-buddy-agent/1.12.22/byte-buddy-agent-1.12.22.jar:/home/Dhiraj.kolhe/.m2/repository/org/objenesis/objenesis/3.2/objenesis-3.2.jar:/home/Dhiraj.kolhe/.m2/repository/org/mockito/mockito-junit-jupiter/4.5.1/mockito-junit-jupiter-4.5.1.jar:/home/Dhiraj.kolhe/.m2/repository/org/skyscreamer/jsonassert/1.5.1/jsonassert-1.5.1.jar:/home/Dhiraj.kolhe/.m2/repository/com/vaadin/external/google/android-json/0.0.20131108.vaadin1/android-json-0.0.20131108.vaadin1.jar:/home/Dhiraj.kolhe/.m2/repository/org/springframework/spring-core/5.3.25/spring-core-5.3.25.jar:/home/Dhiraj.kolhe/.m2/repository/org/springframework/spring-jcl/5.3.25/spring-jcl-5.3.25.jar:/home/Dhiraj.kolhe/.m2/repository/org/springframework/spring-test/5.3.25/spring-test-5.3.25.jar:/home/Dhiraj.kolhe/.m2/repository/org/xmlunit/xmlunit-core/2.9.1/xmlunit-core-2.9.1.jar:"/>
    <property name="sun.cpu.endian" value="little"/>
    <property name="user.home" value="/home/Dhiraj.kolhe"/>
    <property name="user.language" value="en"/>
    <property name="java.specification.vendor" value="Oracle Corporation"/>
    <property name="java.version.date" value="2023-01-17"/>
    <property name="java.home" value="/home/Dhiraj.kolhe/.jdks/corretto-17.0.6"/>
    <property name="file.separator" value="/"/>
    <property name="basedir" value="/home/Dhiraj.kolhe/Downloads/GloQuora/api-getway"/>
    <property name="java.vm.compressedOopsMode" value="Zero based"/>
    <property name="line.separator" value="&#10;"/>
    <property name="java.vm.specification.vendor" value="Oracle Corporation"/>
    <property name="java.specification.name" value="Java Platform API Specification"/>
    <property name="surefire.real.class.path" value="/home/Dhiraj.kolhe/Downloads/GloQuora/api-getway/target/surefire/surefirebooter8265407004459896786.jar"/>
    <property name="sun.management.compiler" value="HotSpot 64-Bit Tiered Compilers"/>
    <property name="java.runtime.version" value="17.0.6+10-LTS"/>
    <property name="user.name" value="Dhiraj.kolhe"/>
    <property name="path.separator" value=":"/>
    <property name="os.version" value="5.11.0-051100-generic"/>
    <property name="java.runtime.name" value="OpenJDK Runtime Environment"/>
    <property name="file.encoding" value="UTF-8"/>
    <property name="java.vm.name" value="OpenJDK 64-Bit Server VM"/>
    <property name="java.vendor.version" value="Corretto-17.0.6.10.1"/>
    <property name="localRepository" value="/home/Dhiraj.kolhe/.m2/repository"/>
    <property name="java.vendor.url.bug" value="https://github.com/corretto/corretto-17/issues/"/>
    <property name="java.io.tmpdir" value="/tmp"/>
    <property name="idea.version" value="2022.3.1"/>
    <property name="java.version" value="17.0.6"/>
    <property name="user.dir" value="/home/Dhiraj.kolhe/Downloads/GloQuora/api-getway"/>
    <property name="os.arch" value="amd64"/>
    <property name="java.vm.specification.name" value="Java Virtual Machine Specification"/>
    <property name="native.encoding" value="UTF-8"/>
    <property name="java.library.path" value="/usr/java/packages/lib:/usr/lib64:/lib64:/lib:/usr/lib"/>
    <property name="java.vm.info" value="mixed mode, sharing"/>
    <property name="java.vendor" value="Amazon.com Inc."/>
    <property name="java.vm.version" value="17.0.6+10-LTS"/>
    <property name="sun.io.unicode.encoding" value="UnicodeLittle"/>
    <property name="java.class.version" value="61.0"/>
  </properties>
  <testcase name="contextLoads" classname="com.getway.ApiGetwayApplicationTests" time="0.434"/>
</testsuite>